Determining if the pthread_create exist failed with the following output:
Change Dir: /home/whymatter/github.com/albatross/ros/devel/CMakeFiles/CMakeTmp

Run Build Command:"/usr/bin/make" "cmTC_477fb/fast"
/usr/bin/make -f CMakeFiles/cmTC_477fb.dir/build.make CMakeFiles/cmTC_477fb.dir/build
make[1]: Entering directory '/home/whymatter/github.com/albatross/ros/devel/CMakeFiles/CMakeTmp'
Building C object CMakeFiles/cmTC_477fb.dir/CheckSymbolExists.c.o
/usr/bin/cc    -o CMakeFiles/cmTC_477fb.dir/CheckSymbolExists.c.o   -c /home/whymatter/github.com/albatross/ros/devel/CMakeFiles/CMakeTmp/CheckSymbolExists.c
Linking C executable cmTC_477fb
/opt/clion-2018.2.3/bin/cmake/linux/bin/cmake -E cmake_link_script CMakeFiles/cmTC_477fb.dir/link.txt --verbose=1
/usr/bin/cc      -rdynamic CMakeFiles/cmTC_477fb.dir/CheckSymbolExists.c.o  -o cmTC_477fb 
CMakeFiles/cmTC_477fb.dir/CheckSymbolExists.c.o: In function `main':
CheckSymbolExists.c:(.text+0x1b): undefined reference to `pthread_create'
collect2: error: ld returned 1 exit status
CMakeFiles/cmTC_477fb.dir/build.make:86: recipe for target 'cmTC_477fb' failed
make[1]: *** [cmTC_477fb] Error 1
make[1]: Leaving directory '/home/whymatter/github.com/albatross/ros/devel/CMakeFiles/CMakeTmp'
Makefile:121: recipe for target 'cmTC_477fb/fast' failed
make: *** [cmTC_477fb/fast] Error 2

File /home/whymatter/github.com/albatross/ros/devel/CMakeFiles/CMakeTmp/CheckSymbolExists.c:
/* */
#include <pthread.h>

int main(int argc, char** argv)
{
  (void)argv;
#ifndef pthread_create
  return ((int*)(&pthread_create))[argc];
#else
  (void)argc;
  return 0;
#endif
}

Determining if the function pthread_create exists in the pthreads failed with the following output:
Change Dir: /home/whymatter/github.com/albatross/ros/devel/CMakeFiles/CMakeTmp

Run Build Command:"/usr/bin/make" "cmTC_0fa83/fast"
/usr/bin/make -f CMakeFiles/cmTC_0fa83.dir/build.make CMakeFiles/cmTC_0fa83.dir/build
make[1]: Entering directory '/home/whymatter/github.com/albatross/ros/devel/CMakeFiles/CMakeTmp'
Building C object CMakeFiles/cmTC_0fa83.dir/CheckFunctionExists.c.o
/usr/bin/cc   -DCHECK_FUNCTION_EXISTS=pthread_create   -o CMakeFiles/cmTC_0fa83.dir/CheckFunctionExists.c.o   -c /opt/clion-2018.2.3/bin/cmake/linux/share/cmake-3.12/Modules/CheckFunctionExists.c
Linking C executable cmTC_0fa83
/opt/clion-2018.2.3/bin/cmake/linux/bin/cmake -E cmake_link_script CMakeFiles/cmTC_0fa83.dir/link.txt --verbose=1
/usr/bin/cc  -DCHECK_FUNCTION_EXISTS=pthread_create    -rdynamic CMakeFiles/cmTC_0fa83.dir/CheckFunctionExists.c.o  -o cmTC_0fa83 -lpthreads 
/usr/bin/x86_64-linux-gnu-ld: cannot find -lpthreads
collect2: error: ld returned 1 exit status
CMakeFiles/cmTC_0fa83.dir/build.make:86: recipe for target 'cmTC_0fa83' failed
make[1]: *** [cmTC_0fa83] Error 1
make[1]: Leaving directory '/home/whymatter/github.com/albatross/ros/devel/CMakeFiles/CMakeTmp'
Makefile:121: recipe for target 'cmTC_0fa83/fast' failed
make: *** [cmTC_0fa83/fast] Error 2


