Determining if the pthread_create exist failed with the following output:
Change Dir: /home/whymatter/github.com/albatross/ros/build/yolo_detector/CMakeFiles/CMakeTmp

Run Build Command:"/usr/bin/make" "cmTC_11069/fast"
/usr/bin/make -f CMakeFiles/cmTC_11069.dir/build.make CMakeFiles/cmTC_11069.dir/build
make[1]: Entering directory '/home/whymatter/github.com/albatross/ros/build/yolo_detector/CMakeFiles/CMakeTmp'
Building C object CMakeFiles/cmTC_11069.dir/CheckSymbolExists.c.o
/usr/bin/cc    -o CMakeFiles/cmTC_11069.dir/CheckSymbolExists.c.o   -c /home/whymatter/github.com/albatross/ros/build/yolo_detector/CMakeFiles/CMakeTmp/CheckSymbolExists.c
Linking C executable cmTC_11069
/usr/bin/cmake -E cmake_link_script CMakeFiles/cmTC_11069.dir/link.txt --verbose=1
/usr/bin/cc      -rdynamic CMakeFiles/cmTC_11069.dir/CheckSymbolExists.c.o  -o cmTC_11069 
CMakeFiles/cmTC_11069.dir/CheckSymbolExists.c.o: In function `main':
CheckSymbolExists.c:(.text+0x1b): undefined reference to `pthread_create'
collect2: error: ld returned 1 exit status
CMakeFiles/cmTC_11069.dir/build.make:97: recipe for target 'cmTC_11069' failed
make[1]: *** [cmTC_11069] Error 1
make[1]: Leaving directory '/home/whymatter/github.com/albatross/ros/build/yolo_detector/CMakeFiles/CMakeTmp'
Makefile:126: recipe for target 'cmTC_11069/fast' failed
make: *** [cmTC_11069/fast] Error 2

File /home/whymatter/github.com/albatross/ros/build/yolo_detector/CMakeFiles/CMakeTmp/CheckSymbolExists.c:
/* */
#include <pthread.h>

int main(int argc, char** argv)
{
  (void)argv;
#ifndef pthread_create
  return ((int*)(&pthread_create))[argc];
#else
  (void)argc;
  return 0;
#endif
}

Determining if the function pthread_create exists in the pthreads failed with the following output:
Change Dir: /home/whymatter/github.com/albatross/ros/build/yolo_detector/CMakeFiles/CMakeTmp

Run Build Command:"/usr/bin/make" "cmTC_73ede/fast"
/usr/bin/make -f CMakeFiles/cmTC_73ede.dir/build.make CMakeFiles/cmTC_73ede.dir/build
make[1]: Entering directory '/home/whymatter/github.com/albatross/ros/build/yolo_detector/CMakeFiles/CMakeTmp'
Building C object CMakeFiles/cmTC_73ede.dir/CheckFunctionExists.c.o
/usr/bin/cc   -DCHECK_FUNCTION_EXISTS=pthread_create   -o CMakeFiles/cmTC_73ede.dir/CheckFunctionExists.c.o   -c /usr/share/cmake-3.10/Modules/CheckFunctionExists.c
Linking C executable cmTC_73ede
/usr/bin/cmake -E cmake_link_script CMakeFiles/cmTC_73ede.dir/link.txt --verbose=1
/usr/bin/cc  -DCHECK_FUNCTION_EXISTS=pthread_create    -rdynamic CMakeFiles/cmTC_73ede.dir/CheckFunctionExists.c.o  -o cmTC_73ede -lpthreads 
/usr/bin/x86_64-linux-gnu-ld: cannot find -lpthreads
collect2: error: ld returned 1 exit status
CMakeFiles/cmTC_73ede.dir/build.make:97: recipe for target 'cmTC_73ede' failed
make[1]: *** [cmTC_73ede] Error 1
make[1]: Leaving directory '/home/whymatter/github.com/albatross/ros/build/yolo_detector/CMakeFiles/CMakeTmp'
Makefile:126: recipe for target 'cmTC_73ede/fast' failed
make: *** [cmTC_73ede/fast] Error 2


