Determining if the pthread_create exist failed with the following output:
Change Dir: /home/whymatter/github.com/albatross/ros/build/alb_msgs/CMakeFiles/CMakeTmp

Run Build Command:"/usr/bin/make" "cmTC_17f40/fast"
/usr/bin/make -f CMakeFiles/cmTC_17f40.dir/build.make CMakeFiles/cmTC_17f40.dir/build
make[1]: Entering directory '/home/whymatter/github.com/albatross/ros/build/alb_msgs/CMakeFiles/CMakeTmp'
Building C object CMakeFiles/cmTC_17f40.dir/CheckSymbolExists.c.o
/usr/bin/cc    -o CMakeFiles/cmTC_17f40.dir/CheckSymbolExists.c.o   -c /home/whymatter/github.com/albatross/ros/build/alb_msgs/CMakeFiles/CMakeTmp/CheckSymbolExists.c
Linking C executable cmTC_17f40
/usr/bin/cmake -E cmake_link_script CMakeFiles/cmTC_17f40.dir/link.txt --verbose=1
/usr/bin/cc      -rdynamic CMakeFiles/cmTC_17f40.dir/CheckSymbolExists.c.o  -o cmTC_17f40 
CMakeFiles/cmTC_17f40.dir/CheckSymbolExists.c.o: In function `main':
CheckSymbolExists.c:(.text+0x1b): undefined reference to `pthread_create'
collect2: error: ld returned 1 exit status
CMakeFiles/cmTC_17f40.dir/build.make:97: recipe for target 'cmTC_17f40' failed
make[1]: *** [cmTC_17f40] Error 1
make[1]: Leaving directory '/home/whymatter/github.com/albatross/ros/build/alb_msgs/CMakeFiles/CMakeTmp'
Makefile:126: recipe for target 'cmTC_17f40/fast' failed
make: *** [cmTC_17f40/fast] Error 2

File /home/whymatter/github.com/albatross/ros/build/alb_msgs/CMakeFiles/CMakeTmp/CheckSymbolExists.c:
/* */
#include <pthread.h>

int main(int argc, char** argv)
{
  (void)argv;
#ifndef pthread_create
  return ((int*)(&pthread_create))[argc];
#else
  (void)argc;
  return 0;
#endif
}

Determining if the function pthread_create exists in the pthreads failed with the following output:
Change Dir: /home/whymatter/github.com/albatross/ros/build/alb_msgs/CMakeFiles/CMakeTmp

Run Build Command:"/usr/bin/make" "cmTC_7aa6b/fast"
/usr/bin/make -f CMakeFiles/cmTC_7aa6b.dir/build.make CMakeFiles/cmTC_7aa6b.dir/build
make[1]: Entering directory '/home/whymatter/github.com/albatross/ros/build/alb_msgs/CMakeFiles/CMakeTmp'
Building C object CMakeFiles/cmTC_7aa6b.dir/CheckFunctionExists.c.o
/usr/bin/cc   -DCHECK_FUNCTION_EXISTS=pthread_create   -o CMakeFiles/cmTC_7aa6b.dir/CheckFunctionExists.c.o   -c /usr/share/cmake-3.10/Modules/CheckFunctionExists.c
Linking C executable cmTC_7aa6b
/usr/bin/cmake -E cmake_link_script CMakeFiles/cmTC_7aa6b.dir/link.txt --verbose=1
/usr/bin/cc  -DCHECK_FUNCTION_EXISTS=pthread_create    -rdynamic CMakeFiles/cmTC_7aa6b.dir/CheckFunctionExists.c.o  -o cmTC_7aa6b -lpthreads 
/usr/bin/x86_64-linux-gnu-ld: cannot find -lpthreads
collect2: error: ld returned 1 exit status
CMakeFiles/cmTC_7aa6b.dir/build.make:97: recipe for target 'cmTC_7aa6b' failed
make[1]: *** [cmTC_7aa6b] Error 1
make[1]: Leaving directory '/home/whymatter/github.com/albatross/ros/build/alb_msgs/CMakeFiles/CMakeTmp'
Makefile:126: recipe for target 'cmTC_7aa6b/fast' failed
make: *** [cmTC_7aa6b/fast] Error 2


