[01m[K/home/whymatter/github.com/albatross/ros/src/cup_detector/src/detector.cpp:10:13:[m[K [01;31m[Kerror: [m[Kprototype for ‘[01m[Kalb::detector::cup_detector::Detector::Detector(const string&, const string&)[m[K’ does not match any in class ‘[01m[Kalb::detector::cup_detector::Detector[m[K’
             [01;31m[KDetector[m[K::Detector(const std::string &configPath, const std::string &weightsPath)
             [01;31m[K^~~~~~~~[m[K
In file included from [01m[K/home/whymatter/github.com/albatross/ros/src/cup_detector/src/detector.cpp:5:0[m[K:
[01m[K/home/whymatter/github.com/albatross/ros/src/cup_detector/include/cup_detector/detector.h:20:19:[m[K [01;31m[Kerror: [m[Kcandidates are: alb::detector::cup_detector::Detector::Detector(alb::detector::cup_detector::Detector&&)
             class [01;31m[KDetector[m[K {
                   [01;31m[K^~~~~~~~[m[K
[01m[K/home/whymatter/github.com/albatross/ros/src/cup_detector/include/cup_detector/detector.h:20:19:[m[K [01;31m[Kerror: [m[K                alb::detector::cup_detector::Detector::Detector(const alb::detector::cup_detector::Detector&)
[01m[K/home/whymatter/github.com/albatross/ros/src/cup_detector/include/cup_detector/detector.h:22:17:[m[K [01;31m[Kerror: [m[K                alb::detector::cup_detector::Detector::Detector(std::__cxx11::string, std::__cxx11::string)
                 [01;31m[KDetector[m[K(std::string configPath, std::string weightsPath);
                 [01;31m[K^~~~~~~~[m[K
[01m[K/home/whymatter/github.com/albatross/ros/src/cup_detector/src/detector.cpp:11:58:[m[K [01;31m[Kerror: [m[Kexpected unqualified-id before ‘[01m[K{[m[K’ token
                     : detector_{configPath, weightsPath} [01;31m[K{[m[K
                                                          [01;31m[K^[m[K
[01m[K/home/whymatter/github.com/albatross/ros/src/cup_detector/src/detector.cpp:15:35:[m[K [01;31m[Kerror: [m[Kprototype for ‘[01m[Kstd::vector<bbox_t> alb::detector::cup_detector::Detector::Detect(cv::Mat&)[m[K’ does not match any in class ‘[01m[Kalb::detector::cup_detector::Detector[m[K’
             std::vector<::bbox_t> [01;31m[KDetector[m[K::Detect(::cv::Mat &frame) {
                                   [01;31m[K^~~~~~~~[m[K
In file included from [01m[K/home/whymatter/github.com/albatross/ros/src/cup_detector/src/detector.cpp:5:0[m[K:
[01m[K/home/whymatter/github.com/albatross/ros/src/cup_detector/include/cup_detector/detector.h:24:39:[m[K [01;31m[Kerror: [m[Kcandidate is: std::vector<bbox_t> alb::detector::cup_detector::Detector::Detect(cv::Mat)
                 std::vector<::bbox_t> [01;31m[KDetect[m[K(::cv::Mat frame);
                                       [01;31m[K^~~~~~[m[K
make[2]: *** [CMakeFiles/cup_detector.dir/src/detector.cpp.o] Error 1
make[1]: *** [CMakeFiles/cup_detector.dir/all] Error 2
make: *** [all] Error 2
