[  0%] Built target rosgraph_msgs_generate_messages_py
[  0%] Built target std_msgs_generate_messages_nodejs
[  0%] Built target rosgraph_msgs_generate_messages_eus
[  0%] Built target rosgraph_msgs_generate_messages_lisp
[  0%] Built target rosgraph_msgs_generate_messages_nodejs
[  0%] Built target std_msgs_generate_messages_eus
[  0%] Built target rosgraph_msgs_generate_messages_cpp
[  0%] Built target std_msgs_generate_messages_py
[  0%] Built target roscpp_generate_messages_py
[  0%] Built target roscpp_generate_messages_eus
[  0%] Built target geometry_msgs_generate_messages_eus
[  0%] Built target roscpp_generate_messages_nodejs
[  0%] Built target std_msgs_generate_messages_cpp
[  0%] Built target roscpp_generate_messages_lisp
[  0%] Built target geometry_msgs_generate_messages_nodejs
[  0%] Built target sensor_msgs_generate_messages_cpp
[  0%] Built target sensor_msgs_generate_messages_py
[  0%] Built target std_msgs_generate_messages_lisp
[  0%] Built target sensor_msgs_generate_messages_lisp
[  0%] Built target sensor_msgs_generate_messages_eus
[  0%] Built target roscpp_generate_messages_cpp
[  0%] Built target geometry_msgs_generate_messages_lisp
[  0%] Built target geometry_msgs_generate_messages_cpp
[  0%] Built target sensor_msgs_generate_messages_nodejs
[  0%] Built target geometry_msgs_generate_messages_py
[35m[1mScanning dependencies of target cup_detector[0m
[ 25%] [32mBuilding CXX object CMakeFiles/cup_detector.dir/src/main.cpp.o[0m
In file included from [01m[K/usr/include/boost/config/stdlib/libstdcpp3.hpp:78:0[m[K,
                 from [01m[K/usr/include/boost/config.hpp:48[m[K,
                 from [01m[K/usr/include/boost/math/tools/config.hpp:13[m[K,
                 from [01m[K/usr/include/boost/math/special_functions/round.hpp:13[m[K,
                 from [01m[K/opt/ros/melodic/include/ros/time.h:58[m[K,
                 from [01m[K/opt/ros/melodic/include/ros/ros.h:38[m[K,
                 from [01m[K/home/whymatter/github.com/albatross/ros/src/cup_detector/src/main.cpp:5[m[K:
[01m[K/home/whymatter/github.com/albatross/ros/src/third-party/darknet/src/unistd.h:10:16:[m[K [01;31m[Kfatal error: [m[Kio.h: No such file or directory
 #include <io.h>
                [01;31m[K^[m[K
compilation terminated.
CMakeFiles/cup_detector.dir/build.make:86: recipe for target 'CMakeFiles/cup_detector.dir/src/main.cpp.o' failed
make[2]: *** [CMakeFiles/cup_detector.dir/src/main.cpp.o] Error 1
CMakeFiles/Makefile2:1051: recipe for target 'CMakeFiles/cup_detector.dir/all' failed
make[1]: *** [CMakeFiles/cup_detector.dir/all] Error 2
Makefile:140: recipe for target 'all' failed
make: *** [all] Error 2
