[  0%] Built target rosgraph_msgs_generate_messages_nodejs
[  0%] Built target rosgraph_msgs_generate_messages_lisp
[  0%] Built target rosgraph_msgs_generate_messages_cpp
[  0%] Built target std_msgs_generate_messages_eus
[  0%] Built target rosgraph_msgs_generate_messages_py
[  0%] Built target rosgraph_msgs_generate_messages_eus
[  0%] Built target std_msgs_generate_messages_nodejs
[  0%] Built target roscpp_generate_messages_py
[  0%] Built target std_msgs_generate_messages_py
[  0%] Built target roscpp_generate_messages_eus
[  0%] Built target roscpp_generate_messages_lisp
[  0%] Built target std_msgs_generate_messages_cpp
[  0%] Built target geometry_msgs_generate_messages_eus
[  0%] Built target roscpp_generate_messages_nodejs
[  0%] Built target geometry_msgs_generate_messages_nodejs
[  0%] Built target std_msgs_generate_messages_lisp
[  0%] Built target sensor_msgs_generate_messages_py
[  0%] Built target sensor_msgs_generate_messages_cpp
[  0%] Built target sensor_msgs_generate_messages_eus
[  0%] Built target sensor_msgs_generate_messages_lisp
[  0%] Built target roscpp_generate_messages_cpp
[  0%] Built target sensor_msgs_generate_messages_nodejs
[  0%] Built target geometry_msgs_generate_messages_cpp
[  0%] Built target geometry_msgs_generate_messages_py
[  0%] Built target geometry_msgs_generate_messages_lisp
[35m[1mScanning dependencies of target cup_detector[0m
[ 25%] [32mBuilding CXX object CMakeFiles/cup_detector.dir/src/main.cpp.o[0m
[ 50%] [32m[1mLinking CXX executable /home/whymatter/github.com/albatross/ros/devel/.private/cup_detector/lib/cup_detector/cup_detector[0m
/usr/bin/x86_64-linux-gnu-ld: warning: libopencv_imgcodecs.so.3.4, needed by /home/whymatter/github.com/albatross/ros/src/third-party/darknet/libdarknet.so, may conflict with libopencv_imgcodecs.so.3.2
/usr/bin/x86_64-linux-gnu-ld: warning: libopencv_imgproc.so.3.4, needed by /home/whymatter/github.com/albatross/ros/src/third-party/darknet/libdarknet.so, may conflict with libopencv_imgproc.so.3.2
/usr/bin/x86_64-linux-gnu-ld: warning: libopencv_core.so.3.4, needed by /home/whymatter/github.com/albatross/ros/src/third-party/darknet/libdarknet.so, may conflict with libopencv_core.so.3.2
[100%] Built target cup_detector
