[  0%] Built target std_msgs_generate_messages_eus
[  0%] Built target std_msgs_generate_messages_nodejs
[  0%] Built target rosgraph_msgs_generate_messages_nodejs
[  0%] Built target rosgraph_msgs_generate_messages_py
[  0%] Built target rosgraph_msgs_generate_messages_lisp
[  0%] Built target rosgraph_msgs_generate_messages_cpp
[  0%] Built target rosgraph_msgs_generate_messages_eus
[  0%] Built target geometry_msgs_generate_messages_eus
[  0%] Built target roscpp_generate_messages_py
[  0%] Built target roscpp_generate_messages_nodejs
[  0%] Built target roscpp_generate_messages_lisp
[  0%] Built target std_msgs_generate_messages_cpp
[  0%] Built target roscpp_generate_messages_eus
[  0%] Built target std_msgs_generate_messages_py
[  0%] Built target sensor_msgs_generate_messages_py
[  0%] Built target geometry_msgs_generate_messages_nodejs
[  0%] Built target sensor_msgs_generate_messages_eus
[  0%] Built target std_msgs_generate_messages_lisp
[  0%] Built target sensor_msgs_generate_messages_cpp
[  0%] Built target roscpp_generate_messages_cpp
[  0%] Built target sensor_msgs_generate_messages_lisp
[  0%] Built target geometry_msgs_generate_messages_py
[  0%] Built target geometry_msgs_generate_messages_cpp
[  0%] Built target sensor_msgs_generate_messages_nodejs
[  0%] Built target geometry_msgs_generate_messages_lisp
[ 25%] [32mBuilding CXX object CMakeFiles/cup_detector.dir/src/main.cpp.o[0m
In file included from [01m[K/home/whymatter/github.com/albatross/ros/src/cup_detector/src/main.cpp:8:0[m[K:
[01m[K/home/whymatter/github.com/albatross/ros/src/cup_detector/include/cup_detector/cup_detector_node.h:[m[K In constructor ‘[01m[Kalb::detector::cup_detector::CupDetectorNode<TNode>::CupDetectorNode(TNode&)[m[K’:
[01m[K/home/whymatter/github.com/albatross/ros/src/cup_detector/include/cup_detector/cup_detector_node.h:21:27:[m[K [01;31m[Kerror: [m[Kclass ‘[01m[Kalb::detector::cup_detector::CupDetectorNode<TNode>[m[K’ does not have any field named ‘[01m[KnodeHandle_[m[K’
                         : [01;31m[KnodeHandle_[m[K{nodeHandle} {
                           [01;31m[K^~~~~~~~~~~[m[K
/home/whymatter/github.com/albatross/ros/src/cup_detector/include/cup_detector/cup_detector_node.h: In instantiation of ‘[01m[Kalb::detector::cup_detector::CupDetectorNode<TNode>::CupDetectorNode(TNode&) [with TNode = alb::base::ros::AlbRosNodehandle][m[K’:
[01m[K/home/whymatter/github.com/albatross/ros/src/cup_detector/src/main.cpp:14:114:[m[K   required from here
[01m[K/home/whymatter/github.com/albatross/ros/src/cup_detector/include/cup_detector/cup_detector_node.h:21:49:[m[K [01;31m[Kerror: [m[Kno matching function for call to ‘[01m[Kalb::base::AlbNode<alb::base::ros::AlbRosNodehandle>::AlbNode()[m[K’
                         : nodeHandle_{nodeHandle[01;31m[K}[m[K {
                                                 [01;31m[K^[m[K
In file included from [01m[K/home/whymatter/github.com/albatross/ros/src/cup_detector/include/cup_detector/cup_detector_node.h:11:0[m[K,
                 from [01m[K/home/whymatter/github.com/albatross/ros/src/cup_detector/src/main.cpp:8[m[K:
[01m[K/home/whymatter/github.com/albatross/ros/src/alb_base/include/alb_base/alb_node.h:15:22:[m[K [01;36m[Knote: [m[Kcandidate: alb::base::AlbNode<T>::AlbNode(T&) [with T = alb::base::ros::AlbRosNodehandle]
             explicit [01;36m[KAlbNode[m[K(T &nodeHandle)
                      [01;36m[K^~~~~~~[m[K
[01m[K/home/whymatter/github.com/albatross/ros/src/alb_base/include/alb_base/alb_node.h:15:22:[m[K [01;36m[Knote: [m[K  candidate expects 1 argument, 0 provided
[01m[K/home/whymatter/github.com/albatross/ros/src/alb_base/include/alb_base/alb_node.h:13:15:[m[K [01;36m[Knote: [m[Kcandidate: constexpr alb::base::AlbNode<alb::base::ros::AlbRosNodehandle>::AlbNode(const alb::base::AlbNode<alb::base::ros::AlbRosNodehandle>&)
         class [01;36m[KAlbNode[m[K {
               [01;36m[K^~~~~~~[m[K
[01m[K/home/whymatter/github.com/albatross/ros/src/alb_base/include/alb_base/alb_node.h:13:15:[m[K [01;36m[Knote: [m[K  candidate expects 1 argument, 0 provided
CMakeFiles/cup_detector.dir/build.make:86: recipe for target 'CMakeFiles/cup_detector.dir/src/main.cpp.o' failed
make[2]: *** [CMakeFiles/cup_detector.dir/src/main.cpp.o] Error 1
make[1]: *** [CMakeFiles/cup_detector.dir/all] Error 2
CMakeFiles/Makefile2:1051: recipe for target 'CMakeFiles/cup_detector.dir/all' failed
Makefile:140: recipe for target 'all' failed
make: *** [all] Error 2
