In file included from [01m[K/home/whymatter/github.com/albatross/ros/src/yolo_detector/src/main.cpp:8:0[m[K:
/home/whymatter/github.com/albatross/ros/src/yolo_detector/include/yolo_detector/yolo_detector_node.h: In instantiation of ‘[01m[Kalb::yolo_detector::CupDetectorNode<TNode>::CupDetectorNode(TNode&) [with TNode = alb::base::ros::AlbRosNodehandle][m[K’:
[01m[K/home/whymatter/github.com/albatross/ros/src/yolo_detector/src/main.cpp:14:105:[m[K   required from here
[01m[K/home/whymatter/github.com/albatross/ros/src/yolo_detector/include/yolo_detector/yolo_detector_node.h:29:55:[m[K [01;31m[Kerror: [m[Kno matching function for call to ‘[01m[Kalb::yolo_detector::Detector::Detector()[m[K’
                       detectorVisualizer_{objectNames_[01;31m[K}[m[K
                                                       [01;31m[K^[m[K
In file included from [01m[K/home/whymatter/github.com/albatross/ros/src/yolo_detector/include/yolo_detector/yolo_detector_node.h:13:0[m[K,
                 from [01m[K/home/whymatter/github.com/albatross/ros/src/yolo_detector/src/main.cpp:8[m[K:
[01m[K/home/whymatter/github.com/albatross/ros/src/yolo_detector/include/yolo_detector/detector.h:21:13:[m[K [01;36m[Knote: [m[Kcandidate: alb::yolo_detector::Detector::Detector(const string&, const string&)
             [01;36m[KDetector[m[K(const std::string &configPath, const std::string &weightsPath);
             [01;36m[K^~~~~~~~[m[K
[01m[K/home/whymatter/github.com/albatross/ros/src/yolo_detector/include/yolo_detector/detector.h:21:13:[m[K [01;36m[Knote: [m[K  candidate expects 2 arguments, 0 provided
[01m[K/home/whymatter/github.com/albatross/ros/src/yolo_detector/include/yolo_detector/detector.h:19:15:[m[K [01;36m[Knote: [m[Kcandidate: alb::yolo_detector::Detector::Detector(const alb::yolo_detector::Detector&)
         class [01;36m[KDetector[m[K {
               [01;36m[K^~~~~~~~[m[K
[01m[K/home/whymatter/github.com/albatross/ros/src/yolo_detector/include/yolo_detector/detector.h:19:15:[m[K [01;36m[Knote: [m[K  candidate expects 1 argument, 0 provided
[01m[K/home/whymatter/github.com/albatross/ros/src/yolo_detector/include/yolo_detector/detector.h:19:15:[m[K [01;36m[Knote: [m[Kcandidate: alb::yolo_detector::Detector::Detector(alb::yolo_detector::Detector&&)
[01m[K/home/whymatter/github.com/albatross/ros/src/yolo_detector/include/yolo_detector/detector.h:19:15:[m[K [01;36m[Knote: [m[K  candidate expects 1 argument, 0 provided
make[2]: *** [CMakeFiles/yolo_detector.dir/src/main.cpp.o] Error 1
make[1]: *** [CMakeFiles/yolo_detector.dir/all] Error 2
make: *** [all] Error 2
