In file included from [01m[K/home/whymatter/github.com/albatross/ros/src/yolo_detector/src/main.cpp:8:0[m[K:
[01m[K/home/whymatter/github.com/albatross/ros/src/yolo_detector/include/yolo_detector/yolo_detector_node.h:44:13:[m[K [01;31m[Kerror: [m[Kinvalid use of template-name ‘[01m[Kstd::vector[m[K’ without an argument list
             [01;31m[Kstd[m[K::vector objectNames_{"cup"};
             [01;31m[K^~~[m[K
In file included from [01m[K/usr/include/c++/6/vector:64:0[m[K,
                 from [01m[K/usr/include/boost/math/special_functions/math_fwd.hpp:26[m[K,
                 from [01m[K/usr/include/boost/math/special_functions/round.hpp:15[m[K,
                 from [01m[K/opt/ros/melodic/include/ros/time.h:58[m[K,
                 from [01m[K/opt/ros/melodic/include/ros/ros.h:38[m[K,
                 from [01m[K/home/whymatter/github.com/albatross/ros/src/yolo_detector/src/main.cpp:5[m[K:
[01m[K/usr/include/c++/6/bits/stl_vector.h:214:11:[m[K [01;36m[Knote: [m[K‘[01m[Ktemplate<class _Tp, class _Alloc> class std::vector[m[K’ declared here
     class [01;36m[Kvector[m[K : protected _Vector_base<_Tp, _Alloc>
           [01;36m[K^~~~~~[m[K
In file included from [01m[K/home/whymatter/github.com/albatross/ros/src/yolo_detector/src/main.cpp:8:0[m[K:
/home/whymatter/github.com/albatross/ros/src/yolo_detector/include/yolo_detector/yolo_detector_node.h: In instantiation of ‘[01m[Kalb::yolo_detector::CupDetectorNode<TNode>::CupDetectorNode(TNode&) [with TNode = alb::base::ros::AlbRosNodehandle][m[K’:
[01m[K/home/whymatter/github.com/albatross/ros/src/yolo_detector/src/main.cpp:14:105:[m[K   required from here
[01m[K/home/whymatter/github.com/albatross/ros/src/yolo_detector/include/yolo_detector/yolo_detector_node.h:25:49:[m[K [01;31m[Kerror: [m[K‘[01m[Kclass alb::yolo_detector::CupDetectorNode<alb::base::ros::AlbRosNodehandle>[m[K’ has no member named ‘[01m[KobjectNames_[m[K’
                       detectorVisualizer_{[01;31m[Kthis->objectNames_[m[K} {
                                           [01;31m[K~~~~~~^~~~~~~~~~~~[m[K
[01m[K/home/whymatter/github.com/albatross/ros/src/yolo_detector/include/yolo_detector/yolo_detector_node.h:25:61:[m[K [01;31m[Kerror: [m[Kno matching function for call to ‘[01m[Kalb::yolo_detector::DetectorVisualizer::DetectorVisualizer(<brace-enclosed initializer list>)[m[K’
                       detectorVisualizer_{this->objectNames_[01;31m[K}[m[K {
                                                             [01;31m[K^[m[K
In file included from [01m[K/home/whymatter/github.com/albatross/ros/src/yolo_detector/include/yolo_detector/yolo_detector_node.h:14:0[m[K,
                 from [01m[K/home/whymatter/github.com/albatross/ros/src/yolo_detector/src/main.cpp:8[m[K:
[01m[K/home/whymatter/github.com/albatross/ros/src/yolo_detector/include/yolo_detector/detector_visualizer.h:21:13:[m[K [01;36m[Knote: [m[Kcandidate: alb::yolo_detector::DetectorVisualizer::DetectorVisualizer(std::vector<std::__cxx11::basic_string<char> >)
             [01;36m[KDetectorVisualizer[m[K(std::vector<std::string> objectNames);
             [01;36m[K^~~~~~~~~~~~~~~~~~[m[K
[01m[K/home/whymatter/github.com/albatross/ros/src/yolo_detector/include/yolo_detector/detector_visualizer.h:21:13:[m[K [01;36m[Knote: [m[K  conversion of argument 1 would be ill-formed:
[01m[K/home/whymatter/github.com/albatross/ros/src/yolo_detector/include/yolo_detector/detector_visualizer.h:19:15:[m[K [01;36m[Knote: [m[Kcandidate: alb::yolo_detector::DetectorVisualizer::DetectorVisualizer(const alb::yolo_detector::DetectorVisualizer&)
         class [01;36m[KDetectorVisualizer[m[K {
               [01;36m[K^~~~~~~~~~~~~~~~~~[m[K
[01m[K/home/whymatter/github.com/albatross/ros/src/yolo_detector/include/yolo_detector/detector_visualizer.h:19:15:[m[K [01;36m[Knote: [m[K  conversion of argument 1 would be ill-formed:
[01m[K/home/whymatter/github.com/albatross/ros/src/yolo_detector/include/yolo_detector/detector_visualizer.h:19:15:[m[K [01;36m[Knote: [m[Kcandidate: alb::yolo_detector::DetectorVisualizer::DetectorVisualizer(alb::yolo_detector::DetectorVisualizer&&)
[01m[K/home/whymatter/github.com/albatross/ros/src/yolo_detector/include/yolo_detector/detector_visualizer.h:19:15:[m[K [01;36m[Knote: [m[K  conversion of argument 1 would be ill-formed:
make[2]: *** [CMakeFiles/yolo_detector.dir/src/main.cpp.o] Error 1
make[1]: *** [CMakeFiles/yolo_detector.dir/all] Error 2
make: *** [all] Error 2
