In file included from [01m[K/home/whymatter/github.com/albatross/ros/src/yolo_detector/include/yolo_detector/yolo_detector_node.h:11:0[m[K,
                 from [01m[K/home/whymatter/github.com/albatross/ros/src/yolo_detector/src/main.cpp:8[m[K:
/home/whymatter/github.com/albatross/ros/src/alb_base/include/alb_base/alb_node.h: In instantiation of ‘[01m[Ktypename T::Subscriber alb::base::AlbNode<T>::Subscribe(std::__cxx11::string, boost::function<void(P)>, uint32_t) [with T = alb::base::ros::AlbRosNodehandle; typename T::Subscriber = alb::base::ros::AlbRosSubscriber; std::__cxx11::string = std::__cxx11::basic_string<char>; uint32_t = unsigned int][m[K’:
[01m[K/home/whymatter/github.com/albatross/ros/src/yolo_detector/include/yolo_detector/yolo_detector_node.h:29:17:[m[K   required from ‘[01m[Kalb::yolo_detector::CupDetectorNode<TNode>::CupDetectorNode(TNode&) [with TNode = alb::base::ros::AlbRosNodehandle][m[K’
[01m[K/home/whymatter/github.com/albatross/ros/src/yolo_detector/src/main.cpp:14:105:[m[K   required from here
[01m[K/home/whymatter/github.com/albatross/ros/src/alb_base/include/alb_base/alb_node.h:42:51:[m[K [01;31m[Kerror: [m[Kinvalid use of ‘[01m[Kusing Subscriber = class alb::base::ros::AlbRosSubscriber[m[K’
                 return [01;31m[Kthis->nodeHandle_.template Subscriber[m[K(topicName, callback, queueSize);
                        [01;31m[K~~~~~~~~~~~~~~~~~~~~~~~~~~~^~~~~~~~~~[m[K
In file included from [01m[K/usr/include/boost/mem_fn.hpp:22:0[m[K,
                 from [01m[K/usr/include/boost/function/detail/prologue.hpp:18[m[K,
                 from [01m[K/usr/include/boost/function.hpp:24[m[K,
                 from [01m[K/opt/ros/melodic/include/ros/forwards.h:40[m[K,
                 from [01m[K/opt/ros/melodic/include/ros/common.h:37[m[K,
                 from [01m[K/opt/ros/melodic/include/ros/ros.h:43[m[K,
                 from [01m[K/home/whymatter/github.com/albatross/ros/src/yolo_detector/src/main.cpp:5[m[K:
/usr/include/boost/bind/mem_fn.hpp: In instantiation of ‘[01m[KR& boost::_mfi::dm<R, T>::operator()(T*) const [with R = void(sensor_msgs::Image_<std::allocator<void> >); T = alb::yolo_detector::CupDetectorNode<alb::base::ros::AlbRosNodehandle>][m[K’:
[01m[K/usr/include/boost/bind/bind.hpp:249:42:[m[K   required from ‘[01m[KR boost::_bi::list1<A1>::operator()(boost::_bi::type<R>, F&, A&, long int) [with R = void (&)(sensor_msgs::Image_<std::allocator<void> >); F = boost::_mfi::dm<void(sensor_msgs::Image_<std::allocator<void> >), alb::yolo_detector::CupDetectorNode<alb::base::ros::AlbRosNodehandle> >; A = boost::_bi::rrlist1<alb::base::ros::AlbRosNodehandle>; A1 = boost::_bi::value<alb::yolo_detector::CupDetectorNode<alb::base::ros::AlbRosNodehandle>*>][m[K’
[01m[K/usr/include/boost/bind/bind.hpp:1306:50:[m[K   required from ‘[01m[Kboost::_bi::bind_t<R, F, L>::result_type boost::_bi::bind_t<R, F, L>::operator()(A1&&) [with A1 = alb::base::ros::AlbRosNodehandle; R = void (&)(sensor_msgs::Image_<std::allocator<void> >); F = boost::_mfi::dm<void(sensor_msgs::Image_<std::allocator<void> >), alb::yolo_detector::CupDetectorNode<alb::base::ros::AlbRosNodehandle> >; L = boost::_bi::list1<boost::_bi::value<alb::yolo_detector::CupDetectorNode<alb::base::ros::AlbRosNodehandle>*> >; boost::_bi::bind_t<R, F, L>::result_type = void (&)(sensor_msgs::Image_<std::allocator<void> >)][m[K’
[01m[K/usr/include/boost/function/function_template.hpp:159:11:[m[K   required from ‘[01m[Kstatic void boost::detail::function::void_function_obj_invoker1<FunctionObj, R, T0>::invoke(boost::detail::function::function_buffer&, T0) [with FunctionObj = boost::_bi::bind_t<void (&)(sensor_msgs::Image_<std::allocator<void> >), boost::_mfi::dm<void(sensor_msgs::Image_<std::allocator<void> >), alb::yolo_detector::CupDetectorNode<alb::base::ros::AlbRosNodehandle> >, boost::_bi::list1<boost::_bi::value<alb::yolo_detector::CupDetectorNode<alb::base::ros::AlbRosNodehandle>*> > >; R = void; T0 = alb::base::ros::AlbRosNodehandle][m[K’
[01m[K/usr/include/boost/function/function_template.hpp:925:38:[m[K   required from ‘[01m[Kvoid boost::function1<R, T1>::assign_to(Functor) [with Functor = boost::_bi::bind_t<void (&)(sensor_msgs::Image_<std::allocator<void> >), boost::_mfi::dm<void(sensor_msgs::Image_<std::allocator<void> >), alb::yolo_detector::CupDetectorNode<alb::base::ros::AlbRosNodehandle> >, boost::_bi::list1<boost::_bi::value<alb::yolo_detector::CupDetectorNode<alb::base::ros::AlbRosNodehandle>*> > >; R = void; T0 = alb::base::ros::AlbRosNodehandle][m[K’
[01m[K/usr/include/boost/function/function_template.hpp:716:7:[m[K   required from ‘[01m[Kboost::function1<R, T1>::function1(Functor, typename boost::enable_if_c<(! boost::is_integral<Functor>::value), int>::type) [with Functor = boost::_bi::bind_t<void (&)(sensor_msgs::Image_<std::allocator<void> >), boost::_mfi::dm<void(sensor_msgs::Image_<std::allocator<void> >), alb::yolo_detector::CupDetectorNode<alb::base::ros::AlbRosNodehandle> >, boost::_bi::list1<boost::_bi::value<alb::yolo_detector::CupDetectorNode<alb::base::ros::AlbRosNodehandle>*> > >; R = void; T0 = alb::base::ros::AlbRosNodehandle; typename boost::enable_if_c<(! boost::is_integral<Functor>::value), int>::type = int][m[K’
[01m[K/usr/include/boost/function/function_template.hpp:1061:16:[m[K   required from ‘[01m[Kboost::function<R(T0)>::function(Functor, typename boost::enable_if_c<(! boost::is_integral<Functor>::value), int>::type) [with Functor = boost::_bi::bind_t<void (&)(sensor_msgs::Image_<std::allocator<void> >), boost::_mfi::dm<void(sensor_msgs::Image_<std::allocator<void> >), alb::yolo_detector::CupDetectorNode<alb::base::ros::AlbRosNodehandle> >, boost::_bi::list1<boost::_bi::value<alb::yolo_detector::CupDetectorNode<alb::base::ros::AlbRosNodehandle>*> > >; R = void; T0 = alb::base::ros::AlbRosNodehandle; typename boost::enable_if_c<(! boost::is_integral<Functor>::value), int>::type = int][m[K’
[01m[K/home/whymatter/github.com/albatross/ros/src/yolo_detector/include/yolo_detector/yolo_detector_node.h:29:17:[m[K   required from ‘[01m[Kalb::yolo_detector::CupDetectorNode<TNode>::CupDetectorNode(TNode&) [with TNode = alb::base::ros::AlbRosNodehandle][m[K’
[01m[K/home/whymatter/github.com/albatross/ros/src/yolo_detector/src/main.cpp:14:105:[m[K   required from here
[01m[K/usr/include/boost/bind/mem_fn.hpp:342:23:[m[K [01;31m[Kerror: [m[Kinvalid use of non-static member function of type ‘[01m[Kvoid (alb::yolo_detector::CupDetectorNode<alb::base::ros::AlbRosNodehandle>::)(sensor_msgs::Image_<std::allocator<void> >)[m[K’
         return (p->*f_[01;31m[K)[m[K;
                       [01;31m[K^[m[K
make[2]: *** [CMakeFiles/yolo_detector.dir/src/main.cpp.o] Error 1
make[1]: *** [CMakeFiles/yolo_detector.dir/all] Error 2
make: *** [all] Error 2
