[35m[1mScanning dependencies of target _alb_ros_msgs_generate_messages_check_deps_CamDetection[0m
[  0%] Built target std_msgs_generate_messages_lisp
[  0%] Built target std_msgs_generate_messages_eus
[  0%] Built target std_msgs_generate_messages_nodejs
[  0%] Built target std_msgs_generate_messages_py
[  0%] Built target std_msgs_generate_messages_cpp
[  0%] Built target roscpp_generate_messages_lisp
[  0%] Built target rosgraph_msgs_generate_messages_py
[  0%] Built target _alb_ros_msgs_generate_messages_check_deps_CamDetection
[  0%] Built target _alb_ros_msgs_generate_messages_check_deps_BoundingBox
[  0%] Built target rosgraph_msgs_generate_messages_cpp
[  0%] Built target rosgraph_msgs_generate_messages_nodejs
[  0%] Built target rosgraph_msgs_generate_messages_lisp
[  0%] Built target rosgraph_msgs_generate_messages_eus
[  0%] Built target roscpp_generate_messages_nodejs
[  0%] Built target roscpp_generate_messages_eus
[  0%] Built target roscpp_generate_messages_cpp
[  7%] [34m[1mGenerating Javascript code from alb_ros_msgs/CamDetection.msg[0m
[  7%] Built target roscpp_generate_messages_py
[ 14%] [34m[1mGenerating Python from MSG alb_ros_msgs/CamDetection[0m
[ 21%] [34m[1mGenerating Lisp code from alb_ros_msgs/CamDetection.msg[0m
[ 28%] [34m[1mGenerating Javascript code from alb_ros_msgs/BoundingBox.msg[0m
[ 42%] [34m[1mGenerating EusLisp code from alb_ros_msgs/CamDetection.msg[0m
[ 42%] [34m[1mGenerating Python from MSG alb_ros_msgs/BoundingBox[0m
[ 50%] [34m[1mGenerating C++ code from alb_ros_msgs/CamDetection.msg[0m
[ 57%] [34m[1mGenerating C++ code from alb_ros_msgs/BoundingBox.msg[0m
[ 64%] [34m[1mGenerating EusLisp code from alb_ros_msgs/BoundingBox.msg[0m
[ 64%] Built target alb_ros_msgs_generate_messages_nodejs
[ 71%] [34m[1mGenerating Lisp code from alb_ros_msgs/BoundingBox.msg[0m
[ 85%] Built target alb_ros_msgs
[ 85%] Built target alb_ros_msgs_generate_messages_lisp
[ 92%] [34m[1mGenerating Python msg __init__.py for alb_ros_msgs[0m
[100%] Built target alb_ros_msgs_generate_messages_eus
[100%] Built target alb_ros_msgs_generate_messages_cpp
[100%] Built target alb_ros_msgs_generate_messages_py
[100%] Built target alb_ros_msgs_generate_messages
