[  0%] Built target std_msgs_generate_messages_nodejs
[  0%] Built target std_msgs_generate_messages_py
[  0%] Built target std_msgs_generate_messages_cpp
[  0%] Built target _alb_ros_msgs_generate_messages_check_deps_CamDetection
[  0%] Built target std_msgs_generate_messages_lisp
[  0%] Built target _alb_ros_msgs_generate_messages_check_deps_BoundingBox
[  0%] Built target std_msgs_generate_messages_eus
[  0%] Built target roscpp_generate_messages_lisp
[  0%] Built target rosgraph_msgs_generate_messages_py
[  0%] Built target rosgraph_msgs_generate_messages_nodejs
[  0%] Built target rosgraph_msgs_generate_messages_lisp
[  0%] Built target rosgraph_msgs_generate_messages_eus
[  0%] Built target rosgraph_msgs_generate_messages_cpp
[  0%] Built target roscpp_generate_messages_eus
[  0%] Built target roscpp_generate_messages_nodejs
[  0%] Built target roscpp_generate_messages_py
[  0%] Built target roscpp_generate_messages_cpp
[ 14%] Built target alb_ros_msgs_generate_messages_cpp
[ 28%] Built target alb_ros_msgs_generate_messages_nodejs
[ 50%] Built target alb_ros_msgs_generate_messages_py
[ 71%] Built target alb_ros_msgs_generate_messages_eus
[35m[1mScanning dependencies of target alb_ros_msgs[0m
[ 85%] Built target alb_ros_msgs_generate_messages_lisp
[ 92%] [32mBuilding CXX object CMakeFiles/alb_ros_msgs.dir/src/bounding_box_converter.cpp.o[0m
[ 92%] Built target alb_ros_msgs_generate_messages
[100%] [32m[1mLinking CXX shared library /home/whymatter/github.com/albatross/ros/devel/.private/alb_ros_msgs/lib/libalb_ros_msgs.so[0m
[100%] Built target alb_ros_msgs
