[36m--[0m Boost version: 1.65.1
[36m--[0m Using CATKIN_DEVEL_PREFIX: /home/whymatter/github.com/albatross/ros/devel/.private/alb_ros_msgs
[36m--[0m Using CMAKE_PREFIX_PATH: /home/whymatter/github.com/albatross/ros/devel;/opt/ros/melodic
[36m--[0m This workspace overlays: /home/whymatter/github.com/albatross/ros/devel;/opt/ros/melodic
[36m--[0m Found PythonInterp: /usr/bin/python2 (found suitable version "2.7.15", minimum required is "2")
[36m--[0m Using PYTHON_EXECUTABLE: /usr/bin/python2
[36m--[0m Using Debian Python package layout
[36m--[0m Using empy: /usr/bin/empy
[36m--[0m Using CATKIN_ENABLE_TESTING: ON
[36m--[0m Call enable_testing()
[36m--[0m Using CATKIN_TEST_RESULTS_DIR: /home/whymatter/github.com/albatross/ros/build/alb_ros_msgs/test_results
[36m--[0m Found gmock sources under '/usr/src/googletest': gmock will be built
[36m--[0m Found PythonInterp: /usr/bin/python2 (found version "2.7.15")
[36m--[0m Found gtest sources under '/usr/src/googletest': gtests will be built
[36m--[0m Using Python nosetests: /usr/bin/nosetests-2.7
[36m--[0m catkin 0.7.14
[36m--[0m Using these message generators: gencpp;geneus;genlisp;gennodejs;genpy
[31m[1mCMake Error[0m at /home/whymatter/github.com/albatross/ros/build/alb_ros_msgs/cmake/alb_ros_msgs-genmsg.cmake:3 (message):
  Could not find messages which
  '/home/whymatter/github.com/albatross/ros/src/alb_ros_msgs/msg/CamDetection.msg'
  depends on.  Did you forget to specify generate_messages(DEPENDENCIES ...)?

  Cannot locate message [float] in package [alb_ros_msgs] with paths
  [['/home/whymatter/github.com/albatross/ros/src/alb_ros_msgs/msg']]
[36mCall Stack (most recent call first):[0m
  /opt/ros/melodic/share/genmsg/cmake/genmsg-extras.cmake:307 (include)
  CMakeLists.txt:17 (generate_messages)


[36m--[0m Configuring incomplete, errors occurred!
See also "/home/whymatter/github.com/albatross/ros/build/alb_ros_msgs/CMakeFiles/CMakeOutput.log".
See also "/home/whymatter/github.com/albatross/ros/build/alb_ros_msgs/CMakeFiles/CMakeError.log".
Makefile:742: recipe for target 'cmake_check_build_system' failed
make: *** [cmake_check_build_system] Error 1
