[  0%] Built target std_msgs_generate_messages_py
[  0%] Built target std_msgs_generate_messages_nodejs
[  0%] Built target std_msgs_generate_messages_cpp
[  0%] Built target std_msgs_generate_messages_lisp
[  0%] Built target std_msgs_generate_messages_eus
[  0%] Built target roscpp_generate_messages_cpp
[  0%] Built target _alb_ros_msgs_generate_messages_check_deps_BoundingBox
[  0%] Built target rosgraph_msgs_generate_messages_nodejs
[  0%] Built target rosgraph_msgs_generate_messages_lisp
[  0%] Built target rosgraph_msgs_generate_messages_py
[  0%] Built target rosgraph_msgs_generate_messages_eus
[  0%] Built target rosgraph_msgs_generate_messages_cpp
[  0%] Built target roscpp_generate_messages_lisp
[  0%] Built target roscpp_generate_messages_nodejs
[  0%] Built target roscpp_generate_messages_py
[ 11%] Built target alb_ros_msgs_generate_messages_nodejs
[ 11%] Built target roscpp_generate_messages_eus
[ 33%] Built target alb_ros_msgs_generate_messages_py
[ 55%] Built target alb_ros_msgs_generate_messages_eus
[ 66%] Built target alb_ros_msgs_generate_messages_cpp
[ 77%] Built target alb_ros_msgs_generate_messages_lisp
[100%] Built target alb_ros_msgs
[100%] Built target alb_ros_msgs_generate_messages
