[  0%] Built target std_msgs_generate_messages_nodejs
[  0%] Built target std_msgs_generate_messages_cpp
[  0%] Built target std_msgs_generate_messages_py
[  0%] Built target std_msgs_generate_messages_lisp
[  0%] Built target rosgraph_msgs_generate_messages_nodejs
[  0%] Built target _alb_ros_msgs_generate_messages_check_deps_BoundingBox
[  0%] Built target roscpp_generate_messages_cpp
[  0%] Built target std_msgs_generate_messages_eus
[  0%] Built target rosgraph_msgs_generate_messages_lisp
[  0%] Built target rosgraph_msgs_generate_messages_py
[  0%] Built target rosgraph_msgs_generate_messages_eus
[  0%] Built target roscpp_generate_messages_py
[  0%] Built target roscpp_generate_messages_eus
[  0%] Built target rosgraph_msgs_generate_messages_cpp
[  0%] Built target roscpp_generate_messages_nodejs
[  0%] Built target roscpp_generate_messages_lisp
[ 22%] Built target alb_ros_msgs_generate_messages_py
[ 33%] Built target alb_ros_msgs_generate_messages_nodejs
[35m[1mScanning dependencies of target alb_ros_msgs[0m
[ 44%] Built target alb_ros_msgs_generate_messages_cpp
[ 55%] Built target alb_ros_msgs_generate_messages_lisp
[ 77%] Built target alb_ros_msgs_generate_messages_eus
[ 88%] [32mBuilding CXX object CMakeFiles/alb_ros_msgs.dir/src/bounding_box_converter.cpp.o[0m
[ 88%] Built target alb_ros_msgs_generate_messages
In file included from [01m[K/home/whymatter/github.com/albatross/ros/src/alb_ros_msgs/src/bounding_box_converter.cpp:5:0[m[K:
[01m[K/home/whymatter/github.com/albatross/ros/src/alb_ros_msgs/include/alb_ros_msgs/bounding_box_converter.h:9:17:[m[K [01;31m[Kfatal error: [m[KBound: No such file or directory
 #include "Bound"
                 [01;31m[K^[m[K
compilation terminated.
CMakeFiles/alb_ros_msgs.dir/build.make:62: recipe for target 'CMakeFiles/alb_ros_msgs.dir/src/bounding_box_converter.cpp.o' failed
make[2]: *** [CMakeFiles/alb_ros_msgs.dir/src/bounding_box_converter.cpp.o] Error 1
CMakeFiles/Makefile2:1087: recipe for target 'CMakeFiles/alb_ros_msgs.dir/all' failed
make[1]: *** [CMakeFiles/alb_ros_msgs.dir/all] Error 2
Makefile:140: recipe for target 'all' failed
make: *** [all] Error 2
