In file included from [01m[K/opt/ros/melodic/include/ros/serialization.h:37:0[m[K,
                 from [01m[K/opt/ros/melodic/include/ros/publisher.h:34[m[K,
                 from [01m[K/opt/ros/melodic/include/ros/node_handle.h:32[m[K,
                 from [01m[K/opt/ros/melodic/include/ros/ros.h:45[m[K,
                 from [01m[K/home/whymatter/github.com/albatross/ros/src/cam_direct_capture/src/main.cpp:5[m[K:
/opt/ros/melodic/include/ros/message_traits.h: In instantiation of ‘[01m[Kstatic const char* ros::message_traits::MD5Sum<M>::value() [with M = std::__cxx11::basic_string<char>][m[K’:
[01m[K/opt/ros/melodic/include/ros/message_traits.h:228:102:[m[K   required from ‘[01m[Kconst char* ros::message_traits::md5sum() [with M = std::__cxx11::basic_string<char>][m[K’
[01m[K/opt/ros/melodic/include/ros/advertise_options.h:92:39:[m[K   required from ‘[01m[Kvoid ros::AdvertiseOptions::init(const string&, uint32_t, const SubscriberStatusCallback&, const SubscriberStatusCallback&) [with M = std::__cxx11::basic_string<char>; std::__cxx11::string = std::__cxx11::basic_string<char>; uint32_t = unsigned int; ros::SubscriberStatusCallback = boost::function<void(const ros::SingleSubscriberPublisher&)>][m[K’
[01m[K/opt/ros/melodic/include/ros/node_handle.h:252:7:[m[K   required from ‘[01m[Kros::Publisher ros::NodeHandle::advertise(const string&, uint32_t, bool) [with M = std::__cxx11::basic_string<char>; std::__cxx11::string = std::__cxx11::basic_string<char>; uint32_t = unsigned int][m[K’
[01m[K/home/whymatter/github.com/albatross/ros/src/alb_ros_base/include/alb_ros_base/alb_ros_node_handle.h:38:102:[m[K   required from ‘[01m[Kalb::base::ros::AlbRosNodehandle::Publisher<T> alb::base::ros::AlbRosNodehandle::Advertise(std::__cxx11::string, uint32_t) [with T = std::__cxx11::basic_string<char>; alb::base::ros::AlbRosNodehandle::Publisher<T> = alb::base::ros::AlbRosPublisher<std::__cxx11::basic_string<char> >; std::__cxx11::string = std::__cxx11::basic_string<char>; uint32_t = unsigned int][m[K’
[01m[K/home/whymatter/github.com/albatross/ros/src/alb_base/include/alb_base/alb_node.h:35:84:[m[K   required from ‘[01m[Ktypename T::Publisher<M> alb::base::AlbNode<T>::Advertise(std::__cxx11::string, uint32_t) [with M = std::__cxx11::basic_string<char>; T = alb::base::ros::AlbRosNodehandle; typename T::Publisher<M> = alb::base::ros::AlbRosPublisher<std::__cxx11::basic_string<char> >; std::__cxx11::string = std::__cxx11::basic_string<char>; uint32_t = unsigned int][m[K’
[01m[K/home/whymatter/github.com/albatross/ros/src/cam_direct_capture/include/cam_direct_capture/cam_direct_capture_node.h:30:42:[m[K   required from ‘[01m[Kalb::cam::direct_capture::DirectCaptureNode<T>::DirectCaptureNode(T&) [with T = alb::base::ros::AlbRosNodehandle][m[K’
[01m[K/home/whymatter/github.com/albatross/ros/src/cam_direct_capture/src/main.cpp:14:115:[m[K   required from here
[01m[K/opt/ros/melodic/include/ros/message_traits.h:121:28:[m[K [01;31m[Kerror: [m[K‘[01m[K__s_getMD5Sum[m[K’ is not a member of ‘[01m[Kstd::__cxx11::basic_string<char>[m[K’
     return [01;31m[KM::__s_getMD5Sum()[m[K.c_str();
            [01;31m[K~~~~~~~~~~~~~~~~^~[m[K
/opt/ros/melodic/include/ros/message_traits.h: In instantiation of ‘[01m[Kstatic const char* ros::message_traits::DataType<M>::value() [with M = std::__cxx11::basic_string<char>][m[K’:
[01m[K/opt/ros/melodic/include/ros/message_traits.h:237:104:[m[K   required from ‘[01m[Kconst char* ros::message_traits::datatype() [with M = std::__cxx11::basic_string<char>][m[K’
[01m[K/opt/ros/melodic/include/ros/advertise_options.h:93:43:[m[K   required from ‘[01m[Kvoid ros::AdvertiseOptions::init(const string&, uint32_t, const SubscriberStatusCallback&, const SubscriberStatusCallback&) [with M = std::__cxx11::basic_string<char>; std::__cxx11::string = std::__cxx11::basic_string<char>; uint32_t = unsigned int; ros::SubscriberStatusCallback = boost::function<void(const ros::SingleSubscriberPublisher&)>][m[K’
[01m[K/opt/ros/melodic/include/ros/node_handle.h:252:7:[m[K   required from ‘[01m[Kros::Publisher ros::NodeHandle::advertise(const string&, uint32_t, bool) [with M = std::__cxx11::basic_string<char>; std::__cxx11::string = std::__cxx11::basic_string<char>; uint32_t = unsigned int][m[K’
[01m[K/home/whymatter/github.com/albatross/ros/src/alb_ros_base/include/alb_ros_base/alb_ros_node_handle.h:38:102:[m[K   required from ‘[01m[Kalb::base::ros::AlbRosNodehandle::Publisher<T> alb::base::ros::AlbRosNodehandle::Advertise(std::__cxx11::string, uint32_t) [with T = std::__cxx11::basic_string<char>; alb::base::ros::AlbRosNodehandle::Publisher<T> = alb::base::ros::AlbRosPublisher<std::__cxx11::basic_string<char> >; std::__cxx11::string = std::__cxx11::basic_string<char>; uint32_t = unsigned int][m[K’
[01m[K/home/whymatter/github.com/albatross/ros/src/alb_base/include/alb_base/alb_node.h:35:84:[m[K   required from ‘[01m[Ktypename T::Publisher<M> alb::base::AlbNode<T>::Advertise(std::__cxx11::string, uint32_t) [with M = std::__cxx11::basic_string<char>; T = alb::base::ros::AlbRosNodehandle; typename T::Publisher<M> = alb::base::ros::AlbRosPublisher<std::__cxx11::basic_string<char> >; std::__cxx11::string = std::__cxx11::basic_string<char>; uint32_t = unsigned int][m[K’
[01m[K/home/whymatter/github.com/albatross/ros/src/cam_direct_capture/include/cam_direct_capture/cam_direct_capture_node.h:30:42:[m[K   required from ‘[01m[Kalb::cam::direct_capture::DirectCaptureNode<T>::DirectCaptureNode(T&) [with T = alb::base::ros::AlbRosNodehandle][m[K’
[01m[K/home/whymatter/github.com/albatross/ros/src/cam_direct_capture/src/main.cpp:14:115:[m[K   required from here
[01m[K/opt/ros/melodic/include/ros/message_traits.h:138:30:[m[K [01;31m[Kerror: [m[K‘[01m[K__s_getDataType[m[K’ is not a member of ‘[01m[Kstd::__cxx11::basic_string<char>[m[K’
     return [01;31m[KM::__s_getDataType()[m[K.c_str();
            [01;31m[K~~~~~~~~~~~~~~~~~~^~[m[K
/opt/ros/melodic/include/ros/message_traits.h: In instantiation of ‘[01m[Kstatic const char* ros::message_traits::Definition<M>::value() [with M = std::__cxx11::basic_string<char>][m[K’:
[01m[K/opt/ros/melodic/include/ros/message_traits.h:246:106:[m[K   required from ‘[01m[Kconst char* ros::message_traits::definition() [with M = std::__cxx11::basic_string<char>][m[K’
[01m[K/opt/ros/melodic/include/ros/advertise_options.h:94:55:[m[K   required from ‘[01m[Kvoid ros::AdvertiseOptions::init(const string&, uint32_t, const SubscriberStatusCallback&, const SubscriberStatusCallback&) [with M = std::__cxx11::basic_string<char>; std::__cxx11::string = std::__cxx11::basic_string<char>; uint32_t = unsigned int; ros::SubscriberStatusCallback = boost::function<void(const ros::SingleSubscriberPublisher&)>][m[K’
[01m[K/opt/ros/melodic/include/ros/node_handle.h:252:7:[m[K   required from ‘[01m[Kros::Publisher ros::NodeHandle::advertise(const string&, uint32_t, bool) [with M = std::__cxx11::basic_string<char>; std::__cxx11::string = std::__cxx11::basic_string<char>; uint32_t = unsigned int][m[K’
[01m[K/home/whymatter/github.com/albatross/ros/src/alb_ros_base/include/alb_ros_base/alb_ros_node_handle.h:38:102:[m[K   required from ‘[01m[Kalb::base::ros::AlbRosNodehandle::Publisher<T> alb::base::ros::AlbRosNodehandle::Advertise(std::__cxx11::string, uint32_t) [with T = std::__cxx11::basic_string<char>; alb::base::ros::AlbRosNodehandle::Publisher<T> = alb::base::ros::AlbRosPublisher<std::__cxx11::basic_string<char> >; std::__cxx11::string = std::__cxx11::basic_string<char>; uint32_t = unsigned int][m[K’
[01m[K/home/whymatter/github.com/albatross/ros/src/alb_base/include/alb_base/alb_node.h:35:84:[m[K   required from ‘[01m[Ktypename T::Publisher<M> alb::base::AlbNode<T>::Advertise(std::__cxx11::string, uint32_t) [with M = std::__cxx11::basic_string<char>; T = alb::base::ros::AlbRosNodehandle; typename T::Publisher<M> = alb::base::ros::AlbRosPublisher<std::__cxx11::basic_string<char> >; std::__cxx11::string = std::__cxx11::basic_string<char>; uint32_t = unsigned int][m[K’
[01m[K/home/whymatter/github.com/albatross/ros/src/cam_direct_capture/include/cam_direct_capture/cam_direct_capture_node.h:30:42:[m[K   required from ‘[01m[Kalb::cam::direct_capture::DirectCaptureNode<T>::DirectCaptureNode(T&) [with T = alb::base::ros::AlbRosNodehandle][m[K’
[01m[K/home/whymatter/github.com/albatross/ros/src/cam_direct_capture/src/main.cpp:14:115:[m[K   required from here
[01m[K/opt/ros/melodic/include/ros/message_traits.h:155:39:[m[K [01;31m[Kerror: [m[K‘[01m[K__s_getMessageDefinition[m[K’ is not a member of ‘[01m[Kstd::__cxx11::basic_string<char>[m[K’
     return [01;31m[KM::__s_getMessageDefinition()[m[K.c_str();
            [01;31m[K~~~~~~~~~~~~~~~~~~~~~~~~~~~^~[m[K
/opt/ros/melodic/include/ros/message_traits.h: In instantiation of ‘[01m[Kstatic const char* ros::message_traits::MD5Sum<M>::value(const M&) [with M = std::__cxx11::basic_string<char>][m[K’:
[01m[K/opt/ros/melodic/include/ros/message_traits.h:255:102:[m[K   required from ‘[01m[Kconst char* ros::message_traits::md5sum(const M&) [with M = std::__cxx11::basic_string<char>][m[K’
[01m[K/opt/ros/melodic/include/ros/publisher.h:112:7:[m[K   required from ‘[01m[Kvoid ros::Publisher::publish(const M&) const [with M = std::__cxx11::basic_string<char>][m[K’
[01m[K/home/whymatter/github.com/albatross/ros/src/alb_ros_base/include/alb_ros_base/alb_ros_publisher.h:41:21:[m[K   required from ‘[01m[Kvoid alb::base::ros::AlbRosPublisher<M>::Publish(const M&) [with M = std::__cxx11::basic_string<char>][m[K’
[01m[K/home/whymatter/github.com/albatross/ros/src/cam_direct_capture/src/main.cpp:18:1:[m[K   required from here
[01m[K/opt/ros/melodic/include/ros/message_traits.h:126:14:[m[K [01;31m[Kerror: [m[K‘[01m[Kconst class std::__cxx11::basic_string<char>[m[K’ has no member named ‘[01m[K__getMD5Sum[m[K’
     return [01;31m[Km.__getMD5Sum[m[K().c_str();
            [01;31m[K~~^~~~~~~~~~~[m[K
/opt/ros/melodic/include/ros/message_traits.h: In instantiation of ‘[01m[Kstatic const char* ros::message_traits::DataType<M>::value(const M&) [with M = std::__cxx11::basic_string<char>][m[K’:
[01m[K/opt/ros/melodic/include/ros/message_traits.h:264:104:[m[K   required from ‘[01m[Kconst char* ros::message_traits::datatype(const M&) [with M = std::__cxx11::basic_string<char>][m[K’
[01m[K/opt/ros/melodic/include/ros/publisher.h:112:7:[m[K   required from ‘[01m[Kvoid ros::Publisher::publish(const M&) const [with M = std::__cxx11::basic_string<char>][m[K’
[01m[K/home/whymatter/github.com/albatross/ros/src/alb_ros_base/include/alb_ros_base/alb_ros_publisher.h:41:21:[m[K   required from ‘[01m[Kvoid alb::base::ros::AlbRosPublisher<M>::Publish(const M&) [with M = std::__cxx11::basic_string<char>][m[K’
[01m[K/home/whymatter/github.com/albatross/ros/src/cam_direct_capture/src/main.cpp:18:1:[m[K   required from here
[01m[K/opt/ros/melodic/include/ros/message_traits.h:143:14:[m[K [01;31m[Kerror: [m[K‘[01m[Kconst class std::__cxx11::basic_string<char>[m[K’ has no member named ‘[01m[K__getDataType[m[K’
     return [01;31m[Km.__getDataType[m[K().c_str();
            [01;31m[K~~^~~~~~~~~~~~~[m[K
make[2]: *** [CMakeFiles/cam_direct_capture.dir/src/main.cpp.o] Error 1
make[1]: *** [CMakeFiles/cam_direct_capture.dir/all] Error 2
make: *** [all] Error 2
